<?xml version="1.0" encoding="UTF-8"?>
<testsuite xmlns:xsi="http://www.w3.org/2001/XMLSchema-instance" xsi:noNamespaceSchemaLocation="https://maven.apache.org/surefire/maven-surefire-plugin/xsd/surefire-test-report-3.0.xsd" version="3.0" name="com.nelush.arrays.ArraysTest$PrefixSumTests" time="0.007" tests="8" errors="0" skipped="0" failures="0">
  <properties>
[...]
</properties>
  <testcase name="productExceptSelf" classname="com.nelush.arrays.ArraysTest$PrefixSumTests" time="0.001"/>
  <testcase name="rangeSum03" classname="com.nelush.arrays.ArraysTest$PrefixSumTests" time="0.0"/>
  <testcase name="rangeSum25" classname="com.nelush.arrays.ArraysTest$PrefixSumTests" time="0.0"/>
  <testcase name="equilibriumNone" classname="com.nelush.arrays.ArraysTest$PrefixSumTests" time="0.0"/>
  <testcase name="equilibrium" classname="com.nelush.arrays.ArraysTest$PrefixSumTests" time="0.0"/>
  <testcase name="subarraySumK2" classname="com.nelush.arrays.ArraysTest$PrefixSumTests" time="0.001"/>
  <testcase name="subarraySumK3" classname="com.nelush.arrays.ArraysTest$PrefixSumTests" time="0.001"/>
  <testcase name="rangeSumFull" classname="com.nelush.arrays.ArraysTest$PrefixSumTests" time="0.0"/>
</testsuite>